The system is: Linux - 4.19.0-18-amd64 - x86_64
Compiling the C compiler identification source file "CMakeCCompilerId.c" succeeded.
Compiler: /mnt/misc/sw/x86_64/all/gnu/gcc/9.3.0/bin/gcc-9.3 
Build flags: 
Id flags:  

The output was:
0


Compilation of the C compiler identification source "CMakeCCompilerId.c" produced "a.out"

The C compiler identification is GNU, found in "/user/mendezn/research/geant/B1/build/CMakeFiles/3.13.4/CompilerIdC/a.out"

Compiling the CXX compiler identification source file "CMakeCXXCompilerId.cpp" succeeded.
Compiler: /mnt/misc/sw/x86_64/all/gnu/gcc/9.3.0/bin/g++-9.3 
Build flags: 
Id flags:  

The output was:
0


Compilation of the CXX compiler identification source "CMakeCXXCompilerId.cpp" produced "a.out"

The CXX compiler identification is GNU, found in "/user/mendezn/research/geant/B1/build/CMakeFiles/3.13.4/CompilerIdCXX/a.out"

Determining if the C compiler works passed with the following output:
Change Dir: /user/mendezn/research/geant/B1/build/CMakeFiles/CMakeTmp

Run Build Command:"/usr/bin/make" "cmTC_54bab/fast"
/usr/bin/make -f CMakeFiles/cmTC_54bab.dir/build.make CMakeFiles/cmTC_54bab.dir/build
make[1]: Entering directory '/user/mendezn/research/geant/B1/build/CMakeFiles/CMakeTmp'
Building C object CMakeFiles/cmTC_54bab.dir/testCCompiler.c.o
/mnt/misc/sw/x86_64/all/gnu/gcc/9.3.0/bin/gcc-9.3    -o CMakeFiles/cmTC_54bab.dir/testCCompiler.c.o   -c /user/mendezn/research/geant/B1/build/CMakeFiles/CMakeTmp/testCCompiler.c
Linking C executable cmTC_54bab
/usr/bin/cmake -E cmake_link_script CMakeFiles/cmTC_54bab.dir/link.txt --verbose=1
/mnt/misc/sw/x86_64/all/gnu/gcc/9.3.0/bin/gcc-9.3      CMakeFiles/cmTC_54bab.dir/testCCompiler.c.o  -o cmTC_54bab 
make[1]: Leaving directory '/user/mendezn/research/geant/B1/build/CMakeFiles/CMakeTmp'


Detecting C compiler ABI info compiled with the following output:
Change Dir: /user/mendezn/research/geant/B1/build/CMakeFiles/CMakeTmp

Run Build Command:"/usr/bin/make" "cmTC_50fc3/fast"
/usr/bin/make -f CMakeFiles/cmTC_50fc3.dir/build.make CMakeFiles/cmTC_50fc3.dir/build
make[1]: Entering directory '/user/mendezn/research/geant/B1/build/CMakeFiles/CMakeTmp'
Building C object CMakeFiles/cmTC_50fc3.dir/CMakeCCompilerABI.c.o
/mnt/misc/sw/x86_64/all/gnu/gcc/9.3.0/bin/gcc-9.3    -o CMakeFiles/cmTC_50fc3.dir/CMakeCCompilerABI.c.o   -c /usr/share/cmake-3.13/Modules/CMakeCCompilerABI.c
Linking C executable cmTC_50fc3
/usr/bin/cmake -E cmake_link_script CMakeFiles/cmTC_50fc3.dir/link.txt --verbose=1
/mnt/misc/sw/x86_64/all/gnu/gcc/9.3.0/bin/gcc-9.3     -v CMakeFiles/cmTC_50fc3.dir/CMakeCCompilerABI.c.o  -o cmTC_50fc3 
Using built-in specs.
COLLECT_GCC=/mnt/misc/sw/x86_64/all/gnu/gcc/9.3.0/bin/gcc-9.3
COLLECT_LTO_WRAPPER=/mnt/misc/sw/x86_64/all/gnu/gcc/9.3.0/lib/gcc/x86_64-linux-gnu/9.3.0/lto-wrapper
Target: x86_64-linux-gnu
Configured with: ../gcc-9.3.0/configure CFLAGS=-fPIC CXXFLAGS=-fPIC --with-pkgversion='Debian 9.3.0' --with-bugurl=file:///usr/share/doc/gcc-8.2/README.Bugs --enable-languages=c,c++,go,fortran,objc,obj-c++ --prefix=/mnt/misc/sw/x86_64/all/gnu/gcc/9.3.0/ --program-suffix=-9.3 --disable-multilib --enable-shared --enable-linker-build-id --with-system-zlib --libexecdir=/mnt/misc/sw/x86_64/all/gnu/gcc/9.3.0/lib --without-included-gettext --enable-threads=posix --with-gxx-include-dir=/mnt/misc/sw/x86_64/all/gnu/gcc/9.3.0/include/c++/9.3.0 --libdir=/mnt/misc/sw/x86_64/all/gnu/gcc/9.3.0/lib --enable-nls --with-sysroot=/ --enable-clocale=gnu --enable-libstdcxx-debug --enable-libstdcxx-time=yes --enable-gnu-unique-object --enable-plugin --enable-objc-gc --with-arch-32=i586 --with-tune=generic --enable-checking=release --build=x86_64-linux-gnu --host=x86_64-linux-gnu --target=x86_64-linux-gnu
Thread model: posix
gcc version 9.3.0 (Debian 9.3.0) 
COMPILER_PATH=/mnt/misc/sw/x86_64/all/gnu/gcc/9.3.0/lib/gcc/x86_64-linux-gnu/9.3.0/:/mnt/misc/sw/x86_64/all/gnu/gcc/9.3.0/lib/gcc/x86_64-linux-gnu/9.3.0/:/mnt/misc/sw/x86_64/all/gnu/gcc/9.3.0/lib/gcc/x86_64-linux-gnu/:/mnt/misc/sw/x86_64/all/gnu/gcc/9.3.0/lib/gcc/x86_64-linux-gnu/9.3.0/:/mnt/misc/sw/x86_64/all/gnu/gcc/9.3.0/lib/gcc/x86_64-linux-gnu/
LIBRARY_PATH=/mnt/misc/sw/x86_64/all/gnu/gcc/9.3.0/lib/gcc/x86_64-linux-gnu/9.3.0/:/mnt/misc/sw/x86_64/all/gnu/gcc/9.3.0/lib/gcc/x86_64-linux-gnu/9.3.0/../../../../lib64/:/lib/x86_64-linux-gnu/:/lib/../lib64/:/usr/lib/x86_64-linux-gnu/:/usr/lib/../lib64/:/mnt/misc/sw/x86_64/all/gnu/gcc/9.3.0/lib/gcc/x86_64-linux-gnu/9.3.0/../../../:/lib/:/usr/lib/
COLLECT_GCC_OPTIONS='-v' '-o' 'cmTC_50fc3' '-mtune=generic' '-march=x86-64'
 /mnt/misc/sw/x86_64/all/gnu/gcc/9.3.0/lib/gcc/x86_64-linux-gnu/9.3.0/collect2 -plugin /mnt/misc/sw/x86_64/all/gnu/gcc/9.3.0/lib/gcc/x86_64-linux-gnu/9.3.0/liblto_plugin.so -plugin-opt=/mnt/misc/sw/x86_64/all/gnu/gcc/9.3.0/lib/gcc/x86_64-linux-gnu/9.3.0/lto-wrapper -plugin-opt=-fresolution=/tmp/cc1Gem6A.res -plugin-opt=-pass-through=-lgcc -plugin-opt=-pass-through=-lgcc_s -plugin-opt=-pass-through=-lc -plugin-opt=-pass-through=-lgcc -plugin-opt=-pass-through=-lgcc_s --sysroot=/ --build-id --eh-frame-hdr -m elf_x86_64 -dynamic-linker /lib64/ld-linux-x86-64.so.2 -o cmTC_50fc3 /lib/x86_64-linux-gnu/crt1.o /lib/x86_64-linux-gnu/crti.o /mnt/misc/sw/x86_64/all/gnu/gcc/9.3.0/lib/gcc/x86_64-linux-gnu/9.3.0/crtbegin.o -L/mnt/misc/sw/x86_64/all/gnu/gcc/9.3.0/lib/gcc/x86_64-linux-gnu/9.3.0 -L/mnt/misc/sw/x86_64/all/gnu/gcc/9.3.0/lib/gcc/x86_64-linux-gnu/9.3.0/../../../../lib64 -L/lib/x86_64-linux-gnu -L/lib/../lib64 -L/usr/lib/x86_64-linux-gnu -L/usr/lib/../lib64 -L/mnt/misc/sw/x86_64/all/gnu/gcc/9.3.0/lib/gcc/x86_64-linux-gnu/9.3.0/../../.. CMakeFiles/cmTC_50fc3.dir/CMakeCCompilerABI.c.o -lgcc --push-state --as-needed -lgcc_s --pop-state -lc -lgcc --push-state --as-needed -lgcc_s --pop-state /mnt/misc/sw/x86_64/all/gnu/gcc/9.3.0/lib/gcc/x86_64-linux-gnu/9.3.0/crtend.o /lib/x86_64-linux-gnu/crtn.o
COLLECT_GCC_OPTIONS='-v' '-o' 'cmTC_50fc3' '-mtune=generic' '-march=x86-64'
make[1]: Leaving directory '/user/mendezn/research/geant/B1/build/CMakeFiles/CMakeTmp'


Parsed C implicit link information from above output:
  link line regex: [^( *|.*[/\])(ld|CMAKE_LINK_STARTFILE-NOTFOUND|([^/\]+-)?ld|collect2)[^/\]*( |$)]
  ignore line: [Change Dir: /user/mendezn/research/geant/B1/build/CMakeFiles/CMakeTmp]
  ignore line: []
  ignore line: [Run Build Command:"/usr/bin/make" "cmTC_50fc3/fast"]
  ignore line: [/usr/bin/make -f CMakeFiles/cmTC_50fc3.dir/build.make CMakeFiles/cmTC_50fc3.dir/build]
  ignore line: [make[1]: Entering directory '/user/mendezn/research/geant/B1/build/CMakeFiles/CMakeTmp']
  ignore line: [Building C object CMakeFiles/cmTC_50fc3.dir/CMakeCCompilerABI.c.o]
  ignore line: [/mnt/misc/sw/x86_64/all/gnu/gcc/9.3.0/bin/gcc-9.3    -o CMakeFiles/cmTC_50fc3.dir/CMakeCCompilerABI.c.o   -c /usr/share/cmake-3.13/Modules/CMakeCCompilerABI.c]
  ignore line: [Linking C executable cmTC_50fc3]
  ignore line: [/usr/bin/cmake -E cmake_link_script CMakeFiles/cmTC_50fc3.dir/link.txt --verbose=1]
  ignore line: [/mnt/misc/sw/x86_64/all/gnu/gcc/9.3.0/bin/gcc-9.3     -v CMakeFiles/cmTC_50fc3.dir/CMakeCCompilerABI.c.o  -o cmTC_50fc3 ]
  ignore line: [Using built-in specs.]
  ignore line: [COLLECT_GCC=/mnt/misc/sw/x86_64/all/gnu/gcc/9.3.0/bin/gcc-9.3]
  ignore line: [COLLECT_LTO_WRAPPER=/mnt/misc/sw/x86_64/all/gnu/gcc/9.3.0/lib/gcc/x86_64-linux-gnu/9.3.0/lto-wrapper]
  ignore line: [Target: x86_64-linux-gnu]
  ignore line: [Configured with: ../gcc-9.3.0/configure CFLAGS=-fPIC CXXFLAGS=-fPIC --with-pkgversion='Debian 9.3.0' --with-bugurl=file:///usr/share/doc/gcc-8.2/README.Bugs --enable-languages=c,c++,go,fortran,objc,obj-c++ --prefix=/mnt/misc/sw/x86_64/all/gnu/gcc/9.3.0/ --program-suffix=-9.3 --disable-multilib --enable-shared --enable-linker-build-id --with-system-zlib --libexecdir=/mnt/misc/sw/x86_64/all/gnu/gcc/9.3.0/lib --without-included-gettext --enable-threads=posix --with-gxx-include-dir=/mnt/misc/sw/x86_64/all/gnu/gcc/9.3.0/include/c++/9.3.0 --libdir=/mnt/misc/sw/x86_64/all/gnu/gcc/9.3.0/lib --enable-nls --with-sysroot=/ --enable-clocale=gnu --enable-libstdcxx-debug --enable-libstdcxx-time=yes --enable-gnu-unique-object --enable-plugin --enable-objc-gc --with-arch-32=i586 --with-tune=generic --enable-checking=release --build=x86_64-linux-gnu --host=x86_64-linux-gnu --target=x86_64-linux-gnu]
  ignore line: [Thread model: posix]
  ignore line: [gcc version 9.3.0 (Debian 9.3.0) ]
  ignore line: [COMPILER_PATH=/mnt/misc/sw/x86_64/all/gnu/gcc/9.3.0/lib/gcc/x86_64-linux-gnu/9.3.0/:/mnt/misc/sw/x86_64/all/gnu/gcc/9.3.0/lib/gcc/x86_64-linux-gnu/9.3.0/:/mnt/misc/sw/x86_64/all/gnu/gcc/9.3.0/lib/gcc/x86_64-linux-gnu/:/mnt/misc/sw/x86_64/all/gnu/gcc/9.3.0/lib/gcc/x86_64-linux-gnu/9.3.0/:/mnt/misc/sw/x86_64/all/gnu/gcc/9.3.0/lib/gcc/x86_64-linux-gnu/]
  ignore line: [LIBRARY_PATH=/mnt/misc/sw/x86_64/all/gnu/gcc/9.3.0/lib/gcc/x86_64-linux-gnu/9.3.0/:/mnt/misc/sw/x86_64/all/gnu/gcc/9.3.0/lib/gcc/x86_64-linux-gnu/9.3.0/../../../../lib64/:/lib/x86_64-linux-gnu/:/lib/../lib64/:/usr/lib/x86_64-linux-gnu/:/usr/lib/../lib64/:/mnt/misc/sw/x86_64/all/gnu/gcc/9.3.0/lib/gcc/x86_64-linux-gnu/9.3.0/../../../:/lib/:/usr/lib/]
  ignore line: [COLLECT_GCC_OPTIONS='-v' '-o' 'cmTC_50fc3' '-mtune=generic' '-march=x86-64']
  link line: [ /mnt/misc/sw/x86_64/all/gnu/gcc/9.3.0/lib/gcc/x86_64-linux-gnu/9.3.0/collect2 -plugin /mnt/misc/sw/x86_64/all/gnu/gcc/9.3.0/lib/gcc/x86_64-linux-gnu/9.3.0/liblto_plugin.so -plugin-opt=/mnt/misc/sw/x86_64/all/gnu/gcc/9.3.0/lib/gcc/x86_64-linux-gnu/9.3.0/lto-wrapper -plugin-opt=-fresolution=/tmp/cc1Gem6A.res -plugin-opt=-pass-through=-lgcc -plugin-opt=-pass-through=-lgcc_s -plugin-opt=-pass-through=-lc -plugin-opt=-pass-through=-lgcc -plugin-opt=-pass-through=-lgcc_s --sysroot=/ --build-id --eh-frame-hdr -m elf_x86_64 -dynamic-linker /lib64/ld-linux-x86-64.so.2 -o cmTC_50fc3 /lib/x86_64-linux-gnu/crt1.o /lib/x86_64-linux-gnu/crti.o /mnt/misc/sw/x86_64/all/gnu/gcc/9.3.0/lib/gcc/x86_64-linux-gnu/9.3.0/crtbegin.o -L/mnt/misc/sw/x86_64/all/gnu/gcc/9.3.0/lib/gcc/x86_64-linux-gnu/9.3.0 -L/mnt/misc/sw/x86_64/all/gnu/gcc/9.3.0/lib/gcc/x86_64-linux-gnu/9.3.0/../../../../lib64 -L/lib/x86_64-linux-gnu -L/lib/../lib64 -L/usr/lib/x86_64-linux-gnu -L/usr/lib/../lib64 -L/mnt/misc/sw/x86_64/all/gnu/gcc/9.3.0/lib/gcc/x86_64-linux-gnu/9.3.0/../../.. CMakeFiles/cmTC_50fc3.dir/CMakeCCompilerABI.c.o -lgcc --push-state --as-needed -lgcc_s --pop-state -lc -lgcc --push-state --as-needed -lgcc_s --pop-state /mnt/misc/sw/x86_64/all/gnu/gcc/9.3.0/lib/gcc/x86_64-linux-gnu/9.3.0/crtend.o /lib/x86_64-linux-gnu/crtn.o]
    arg [/mnt/misc/sw/x86_64/all/gnu/gcc/9.3.0/lib/gcc/x86_64-linux-gnu/9.3.0/collect2] ==> ignore
    arg [-plugin] ==> ignore
    arg [/mnt/misc/sw/x86_64/all/gnu/gcc/9.3.0/lib/gcc/x86_64-linux-gnu/9.3.0/liblto_plugin.so] ==> ignore
    arg [-plugin-opt=/mnt/misc/sw/x86_64/all/gnu/gcc/9.3.0/lib/gcc/x86_64-linux-gnu/9.3.0/lto-wrapper] ==> ignore
    arg [-plugin-opt=-fresolution=/tmp/cc1Gem6A.res] ==> ignore
    arg [-plugin-opt=-pass-through=-lgcc] ==> ignore
    arg [-plugin-opt=-pass-through=-lgcc_s] ==> ignore
    arg [-plugin-opt=-pass-through=-lc] ==> ignore
    arg [-plugin-opt=-pass-through=-lgcc] ==> ignore
    arg [-plugin-opt=-pass-through=-lgcc_s] ==> ignore
    arg [--sysroot=/] ==> ignore
    arg [--build-id] ==> ignore
    arg [--eh-frame-hdr] ==> ignore
    arg [-m] ==> ignore
    arg [elf_x86_64] ==> ignore
    arg [-dynamic-linker] ==> ignore
    arg [/lib64/ld-linux-x86-64.so.2] ==> ignore
    arg [-o] ==> ignore
    arg [cmTC_50fc3] ==> ignore
    arg [/lib/x86_64-linux-gnu/crt1.o] ==> ignore
    arg [/lib/x86_64-linux-gnu/crti.o] ==> ignore
    arg [/mnt/misc/sw/x86_64/all/gnu/gcc/9.3.0/lib/gcc/x86_64-linux-gnu/9.3.0/crtbegin.o] ==> ignore
    arg [-L/mnt/misc/sw/x86_64/all/gnu/gcc/9.3.0/lib/gcc/x86_64-linux-gnu/9.3.0] ==> dir [/mnt/misc/sw/x86_64/all/gnu/gcc/9.3.0/lib/gcc/x86_64-linux-gnu/9.3.0]
    arg [-L/mnt/misc/sw/x86_64/all/gnu/gcc/9.3.0/lib/gcc/x86_64-linux-gnu/9.3.0/../../../../lib64] ==> dir [/mnt/misc/sw/x86_64/all/gnu/gcc/9.3.0/lib/gcc/x86_64-linux-gnu/9.3.0/../../../../lib64]
    arg [-L/lib/x86_64-linux-gnu] ==> dir [/lib/x86_64-linux-gnu]
    arg [-L/lib/../lib64] ==> dir [/lib/../lib64]
    arg [-L/usr/lib/x86_64-linux-gnu] ==> dir [/usr/lib/x86_64-linux-gnu]
    arg [-L/usr/lib/../lib64] ==> dir [/usr/lib/../lib64]
    arg [-L/mnt/misc/sw/x86_64/all/gnu/gcc/9.3.0/lib/gcc/x86_64-linux-gnu/9.3.0/../../..] ==> dir [/mnt/misc/sw/x86_64/all/gnu/gcc/9.3.0/lib/gcc/x86_64-linux-gnu/9.3.0/../../..]
    arg [CMakeFiles/cmTC_50fc3.dir/CMakeCCompilerABI.c.o] ==> ignore
    arg [-lgcc] ==> lib [gcc]
    arg [--push-state] ==> ignore
    arg [--as-needed] ==> ignore
    arg [-lgcc_s] ==> lib [gcc_s]
    arg [--pop-state] ==> ignore
    arg [-lc] ==> lib [c]
    arg [-lgcc] ==> lib [gcc]
    arg [--push-state] ==> ignore
    arg [--as-needed] ==> ignore
    arg [-lgcc_s] ==> lib [gcc_s]
    arg [--pop-state] ==> ignore
    arg [/mnt/misc/sw/x86_64/all/gnu/gcc/9.3.0/lib/gcc/x86_64-linux-gnu/9.3.0/crtend.o] ==> ignore
    arg [/lib/x86_64-linux-gnu/crtn.o] ==> ignore
  collapse library dir [/mnt/misc/sw/x86_64/all/gnu/gcc/9.3.0/lib/gcc/x86_64-linux-gnu/9.3.0] ==> [/mnt/misc/sw/x86_64/all/gnu/gcc/9.3.0/lib/gcc/x86_64-linux-gnu/9.3.0]
  collapse library dir [/mnt/misc/sw/x86_64/all/gnu/gcc/9.3.0/lib/gcc/x86_64-linux-gnu/9.3.0/../../../../lib64] ==> [/mnt/misc/sw/x86_64/all/gnu/gcc/9.3.0/lib64]
  collapse library dir [/lib/x86_64-linux-gnu] ==> [/lib/x86_64-linux-gnu]
  collapse library dir [/lib/../lib64] ==> [/lib64]
  collapse library dir [/usr/lib/x86_64-linux-gnu] ==> [/usr/lib/x86_64-linux-gnu]
  collapse library dir [/usr/lib/../lib64] ==> [/usr/lib64]
  collapse library dir [/mnt/misc/sw/x86_64/all/gnu/gcc/9.3.0/lib/gcc/x86_64-linux-gnu/9.3.0/../../..] ==> [/mnt/misc/sw/x86_64/all/gnu/gcc/9.3.0/lib]
  implicit libs: [gcc;gcc_s;c;gcc;gcc_s]
  implicit dirs: [/mnt/misc/sw/x86_64/all/gnu/gcc/9.3.0/lib/gcc/x86_64-linux-gnu/9.3.0;/mnt/misc/sw/x86_64/all/gnu/gcc/9.3.0/lib64;/lib/x86_64-linux-gnu;/lib64;/usr/lib/x86_64-linux-gnu;/usr/lib64;/mnt/misc/sw/x86_64/all/gnu/gcc/9.3.0/lib]
  implicit fwks: []




Detecting C [-std=c11] compiler features compiled with the following output:
Change Dir: /user/mendezn/research/geant/B1/build/CMakeFiles/CMakeTmp

Run Build Command:"/usr/bin/make" "cmTC_36b12/fast"
/usr/bin/make -f CMakeFiles/cmTC_36b12.dir/build.make CMakeFiles/cmTC_36b12.dir/build
make[1]: Entering directory '/user/mendezn/research/geant/B1/build/CMakeFiles/CMakeTmp'
Building C object CMakeFiles/cmTC_36b12.dir/feature_tests.c.o
/mnt/misc/sw/x86_64/all/gnu/gcc/9.3.0/bin/gcc-9.3   -std=c11 -o CMakeFiles/cmTC_36b12.dir/feature_tests.c.o   -c /user/mendezn/research/geant/B1/build/CMakeFiles/feature_tests.c
Linking C executable cmTC_36b12
/usr/bin/cmake -E cmake_link_script CMakeFiles/cmTC_36b12.dir/link.txt --verbose=1
/mnt/misc/sw/x86_64/all/gnu/gcc/9.3.0/bin/gcc-9.3      CMakeFiles/cmTC_36b12.dir/feature_tests.c.o  -o cmTC_36b12 
make[1]: Leaving directory '/user/mendezn/research/geant/B1/build/CMakeFiles/CMakeTmp'


    Feature record: C_FEATURE:1c_function_prototypes
    Feature record: C_FEATURE:1c_restrict
    Feature record: C_FEATURE:1c_static_assert
    Feature record: C_FEATURE:1c_variadic_macros


Detecting C [-std=c99] compiler features compiled with the following output:
Change Dir: /user/mendezn/research/geant/B1/build/CMakeFiles/CMakeTmp

Run Build Command:"/usr/bin/make" "cmTC_6671f/fast"
/usr/bin/make -f CMakeFiles/cmTC_6671f.dir/build.make CMakeFiles/cmTC_6671f.dir/build
make[1]: Entering directory '/user/mendezn/research/geant/B1/build/CMakeFiles/CMakeTmp'
Building C object CMakeFiles/cmTC_6671f.dir/feature_tests.c.o
/mnt/misc/sw/x86_64/all/gnu/gcc/9.3.0/bin/gcc-9.3   -std=c99 -o CMakeFiles/cmTC_6671f.dir/feature_tests.c.o   -c /user/mendezn/research/geant/B1/build/CMakeFiles/feature_tests.c
Linking C executable cmTC_6671f
/usr/bin/cmake -E cmake_link_script CMakeFiles/cmTC_6671f.dir/link.txt --verbose=1
/mnt/misc/sw/x86_64/all/gnu/gcc/9.3.0/bin/gcc-9.3      CMakeFiles/cmTC_6671f.dir/feature_tests.c.o  -o cmTC_6671f 
make[1]: Leaving directory '/user/mendezn/research/geant/B1/build/CMakeFiles/CMakeTmp'


    Feature record: C_FEATURE:1c_function_prototypes
    Feature record: C_FEATURE:1c_restrict
    Feature record: C_FEATURE:0c_static_assert
    Feature record: C_FEATURE:1c_variadic_macros


Detecting C [-std=c90] compiler features compiled with the following output:
Change Dir: /user/mendezn/research/geant/B1/build/CMakeFiles/CMakeTmp

Run Build Command:"/usr/bin/make" "cmTC_edc26/fast"
/usr/bin/make -f CMakeFiles/cmTC_edc26.dir/build.make CMakeFiles/cmTC_edc26.dir/build
make[1]: Entering directory '/user/mendezn/research/geant/B1/build/CMakeFiles/CMakeTmp'
Building C object CMakeFiles/cmTC_edc26.dir/feature_tests.c.o
/mnt/misc/sw/x86_64/all/gnu/gcc/9.3.0/bin/gcc-9.3   -std=c90 -o CMakeFiles/cmTC_edc26.dir/feature_tests.c.o   -c /user/mendezn/research/geant/B1/build/CMakeFiles/feature_tests.c
Linking C executable cmTC_edc26
/usr/bin/cmake -E cmake_link_script CMakeFiles/cmTC_edc26.dir/link.txt --verbose=1
/mnt/misc/sw/x86_64/all/gnu/gcc/9.3.0/bin/gcc-9.3      CMakeFiles/cmTC_edc26.dir/feature_tests.c.o  -o cmTC_edc26 
make[1]: Leaving directory '/user/mendezn/research/geant/B1/build/CMakeFiles/CMakeTmp'


    Feature record: C_FEATURE:1c_function_prototypes
    Feature record: C_FEATURE:0c_restrict
    Feature record: C_FEATURE:0c_static_assert
    Feature record: C_FEATURE:0c_variadic_macros
Determining if the CXX compiler works passed with the following output:
Change Dir: /user/mendezn/research/geant/B1/build/CMakeFiles/CMakeTmp

Run Build Command:"/usr/bin/make" "cmTC_e71a5/fast"
/usr/bin/make -f CMakeFiles/cmTC_e71a5.dir/build.make CMakeFiles/cmTC_e71a5.dir/build
make[1]: Entering directory '/user/mendezn/research/geant/B1/build/CMakeFiles/CMakeTmp'
Building CXX object CMakeFiles/cmTC_e71a5.dir/testCXXCompiler.cxx.o
/mnt/misc/sw/x86_64/all/gnu/gcc/9.3.0/bin/g++-9.3     -o CMakeFiles/cmTC_e71a5.dir/testCXXCompiler.cxx.o -c /user/mendezn/research/geant/B1/build/CMakeFiles/CMakeTmp/testCXXCompiler.cxx
Linking CXX executable cmTC_e71a5
/usr/bin/cmake -E cmake_link_script CMakeFiles/cmTC_e71a5.dir/link.txt --verbose=1
/mnt/misc/sw/x86_64/all/gnu/gcc/9.3.0/bin/g++-9.3       CMakeFiles/cmTC_e71a5.dir/testCXXCompiler.cxx.o  -o cmTC_e71a5 
make[1]: Leaving directory '/user/mendezn/research/geant/B1/build/CMakeFiles/CMakeTmp'


Detecting CXX compiler ABI info compiled with the following output:
Change Dir: /user/mendezn/research/geant/B1/build/CMakeFiles/CMakeTmp

Run Build Command:"/usr/bin/make" "cmTC_d9f2a/fast"
/usr/bin/make -f CMakeFiles/cmTC_d9f2a.dir/build.make CMakeFiles/cmTC_d9f2a.dir/build
make[1]: Entering directory '/user/mendezn/research/geant/B1/build/CMakeFiles/CMakeTmp'
Building CXX object CMakeFiles/cmTC_d9f2a.dir/CMakeCXXCompilerABI.cpp.o
/mnt/misc/sw/x86_64/all/gnu/gcc/9.3.0/bin/g++-9.3     -o CMakeFiles/cmTC_d9f2a.dir/CMakeCXXCompilerABI.cpp.o -c /usr/share/cmake-3.13/Modules/CMakeCXXCompilerABI.cpp
Linking CXX executable cmTC_d9f2a
/usr/bin/cmake -E cmake_link_script CMakeFiles/cmTC_d9f2a.dir/link.txt --verbose=1
/mnt/misc/sw/x86_64/all/gnu/gcc/9.3.0/bin/g++-9.3      -v CMakeFiles/cmTC_d9f2a.dir/CMakeCXXCompilerABI.cpp.o  -o cmTC_d9f2a 
Using built-in specs.
COLLECT_GCC=/mnt/misc/sw/x86_64/all/gnu/gcc/9.3.0/bin/g++-9.3
COLLECT_LTO_WRAPPER=/mnt/misc/sw/x86_64/all/gnu/gcc/9.3.0/lib/gcc/x86_64-linux-gnu/9.3.0/lto-wrapper
Target: x86_64-linux-gnu
Configured with: ../gcc-9.3.0/configure CFLAGS=-fPIC CXXFLAGS=-fPIC --with-pkgversion='Debian 9.3.0' --with-bugurl=file:///usr/share/doc/gcc-8.2/README.Bugs --enable-languages=c,c++,go,fortran,objc,obj-c++ --prefix=/mnt/misc/sw/x86_64/all/gnu/gcc/9.3.0/ --program-suffix=-9.3 --disable-multilib --enable-shared --enable-linker-build-id --with-system-zlib --libexecdir=/mnt/misc/sw/x86_64/all/gnu/gcc/9.3.0/lib --without-included-gettext --enable-threads=posix --with-gxx-include-dir=/mnt/misc/sw/x86_64/all/gnu/gcc/9.3.0/include/c++/9.3.0 --libdir=/mnt/misc/sw/x86_64/all/gnu/gcc/9.3.0/lib --enable-nls --with-sysroot=/ --enable-clocale=gnu --enable-libstdcxx-debug --enable-libstdcxx-time=yes --enable-gnu-unique-object --enable-plugin --enable-objc-gc --with-arch-32=i586 --with-tune=generic --enable-checking=release --build=x86_64-linux-gnu --host=x86_64-linux-gnu --target=x86_64-linux-gnu
Thread model: posix
gcc version 9.3.0 (Debian 9.3.0) 
COMPILER_PATH=/mnt/misc/sw/x86_64/all/gnu/gcc/9.3.0/lib/gcc/x86_64-linux-gnu/9.3.0/:/mnt/misc/sw/x86_64/all/gnu/gcc/9.3.0/lib/gcc/x86_64-linux-gnu/9.3.0/:/mnt/misc/sw/x86_64/all/gnu/gcc/9.3.0/lib/gcc/x86_64-linux-gnu/:/mnt/misc/sw/x86_64/all/gnu/gcc/9.3.0/lib/gcc/x86_64-linux-gnu/9.3.0/:/mnt/misc/sw/x86_64/all/gnu/gcc/9.3.0/lib/gcc/x86_64-linux-gnu/
LIBRARY_PATH=/mnt/misc/sw/x86_64/all/gnu/gcc/9.3.0/lib/gcc/x86_64-linux-gnu/9.3.0/:/mnt/misc/sw/x86_64/all/gnu/gcc/9.3.0/lib/gcc/x86_64-linux-gnu/9.3.0/../../../../lib64/:/lib/x86_64-linux-gnu/:/lib/../lib64/:/usr/lib/x86_64-linux-gnu/:/usr/lib/../lib64/:/mnt/misc/sw/x86_64/all/gnu/gcc/9.3.0/lib/gcc/x86_64-linux-gnu/9.3.0/../../../:/lib/:/usr/lib/
COLLECT_GCC_OPTIONS='-v' '-o' 'cmTC_d9f2a' '-shared-libgcc' '-mtune=generic' '-march=x86-64'
 /mnt/misc/sw/x86_64/all/gnu/gcc/9.3.0/lib/gcc/x86_64-linux-gnu/9.3.0/collect2 -plugin /mnt/misc/sw/x86_64/all/gnu/gcc/9.3.0/lib/gcc/x86_64-linux-gnu/9.3.0/liblto_plugin.so -plugin-opt=/mnt/misc/sw/x86_64/all/gnu/gcc/9.3.0/lib/gcc/x86_64-linux-gnu/9.3.0/lto-wrapper -plugin-opt=-fresolution=/tmp/ccd6KLDY.res -plugin-opt=-pass-through=-lgcc_s -plugin-opt=-pass-through=-lgcc -plugin-opt=-pass-through=-lc -plugin-opt=-pass-through=-lgcc_s -plugin-opt=-pass-through=-lgcc --sysroot=/ --build-id --eh-frame-hdr -m elf_x86_64 -dynamic-linker /lib64/ld-linux-x86-64.so.2 -o cmTC_d9f2a /lib/x86_64-linux-gnu/crt1.o /lib/x86_64-linux-gnu/crti.o /mnt/misc/sw/x86_64/all/gnu/gcc/9.3.0/lib/gcc/x86_64-linux-gnu/9.3.0/crtbegin.o -L/mnt/misc/sw/x86_64/all/gnu/gcc/9.3.0/lib/gcc/x86_64-linux-gnu/9.3.0 -L/mnt/misc/sw/x86_64/all/gnu/gcc/9.3.0/lib/gcc/x86_64-linux-gnu/9.3.0/../../../../lib64 -L/lib/x86_64-linux-gnu -L/lib/../lib64 -L/usr/lib/x86_64-linux-gnu -L/usr/lib/../lib64 -L/mnt/misc/sw/x86_64/all/gnu/gcc/9.3.0/lib/gcc/x86_64-linux-gnu/9.3.0/../../.. CMakeFiles/cmTC_d9f2a.dir/CMakeCXXCompilerABI.cpp.o -lstdc++ -lm -lgcc_s -lgcc -lc -lgcc_s -lgcc /mnt/misc/sw/x86_64/all/gnu/gcc/9.3.0/lib/gcc/x86_64-linux-gnu/9.3.0/crtend.o /lib/x86_64-linux-gnu/crtn.o
COLLECT_GCC_OPTIONS='-v' '-o' 'cmTC_d9f2a' '-shared-libgcc' '-mtune=generic' '-march=x86-64'
make[1]: Leaving directory '/user/mendezn/research/geant/B1/build/CMakeFiles/CMakeTmp'


Parsed CXX implicit link information from above output:
  link line regex: [^( *|.*[/\])(ld|CMAKE_LINK_STARTFILE-NOTFOUND|([^/\]+-)?ld|collect2)[^/\]*( |$)]
  ignore line: [Change Dir: /user/mendezn/research/geant/B1/build/CMakeFiles/CMakeTmp]
  ignore line: []
  ignore line: [Run Build Command:"/usr/bin/make" "cmTC_d9f2a/fast"]
  ignore line: [/usr/bin/make -f CMakeFiles/cmTC_d9f2a.dir/build.make CMakeFiles/cmTC_d9f2a.dir/build]
  ignore line: [make[1]: Entering directory '/user/mendezn/research/geant/B1/build/CMakeFiles/CMakeTmp']
  ignore line: [Building CXX object CMakeFiles/cmTC_d9f2a.dir/CMakeCXXCompilerABI.cpp.o]
  ignore line: [/mnt/misc/sw/x86_64/all/gnu/gcc/9.3.0/bin/g++-9.3     -o CMakeFiles/cmTC_d9f2a.dir/CMakeCXXCompilerABI.cpp.o -c /usr/share/cmake-3.13/Modules/CMakeCXXCompilerABI.cpp]
  ignore line: [Linking CXX executable cmTC_d9f2a]
  ignore line: [/usr/bin/cmake -E cmake_link_script CMakeFiles/cmTC_d9f2a.dir/link.txt --verbose=1]
  ignore line: [/mnt/misc/sw/x86_64/all/gnu/gcc/9.3.0/bin/g++-9.3      -v CMakeFiles/cmTC_d9f2a.dir/CMakeCXXCompilerABI.cpp.o  -o cmTC_d9f2a ]
  ignore line: [Using built-in specs.]
  ignore line: [COLLECT_GCC=/mnt/misc/sw/x86_64/all/gnu/gcc/9.3.0/bin/g++-9.3]
  ignore line: [COLLECT_LTO_WRAPPER=/mnt/misc/sw/x86_64/all/gnu/gcc/9.3.0/lib/gcc/x86_64-linux-gnu/9.3.0/lto-wrapper]
  ignore line: [Target: x86_64-linux-gnu]
  ignore line: [Configured with: ../gcc-9.3.0/configure CFLAGS=-fPIC CXXFLAGS=-fPIC --with-pkgversion='Debian 9.3.0' --with-bugurl=file:///usr/share/doc/gcc-8.2/README.Bugs --enable-languages=c,c++,go,fortran,objc,obj-c++ --prefix=/mnt/misc/sw/x86_64/all/gnu/gcc/9.3.0/ --program-suffix=-9.3 --disable-multilib --enable-shared --enable-linker-build-id --with-system-zlib --libexecdir=/mnt/misc/sw/x86_64/all/gnu/gcc/9.3.0/lib --without-included-gettext --enable-threads=posix --with-gxx-include-dir=/mnt/misc/sw/x86_64/all/gnu/gcc/9.3.0/include/c++/9.3.0 --libdir=/mnt/misc/sw/x86_64/all/gnu/gcc/9.3.0/lib --enable-nls --with-sysroot=/ --enable-clocale=gnu --enable-libstdcxx-debug --enable-libstdcxx-time=yes --enable-gnu-unique-object --enable-plugin --enable-objc-gc --with-arch-32=i586 --with-tune=generic --enable-checking=release --build=x86_64-linux-gnu --host=x86_64-linux-gnu --target=x86_64-linux-gnu]
  ignore line: [Thread model: posix]
  ignore line: [gcc version 9.3.0 (Debian 9.3.0) ]
  ignore line: [COMPILER_PATH=/mnt/misc/sw/x86_64/all/gnu/gcc/9.3.0/lib/gcc/x86_64-linux-gnu/9.3.0/:/mnt/misc/sw/x86_64/all/gnu/gcc/9.3.0/lib/gcc/x86_64-linux-gnu/9.3.0/:/mnt/misc/sw/x86_64/all/gnu/gcc/9.3.0/lib/gcc/x86_64-linux-gnu/:/mnt/misc/sw/x86_64/all/gnu/gcc/9.3.0/lib/gcc/x86_64-linux-gnu/9.3.0/:/mnt/misc/sw/x86_64/all/gnu/gcc/9.3.0/lib/gcc/x86_64-linux-gnu/]
  ignore line: [LIBRARY_PATH=/mnt/misc/sw/x86_64/all/gnu/gcc/9.3.0/lib/gcc/x86_64-linux-gnu/9.3.0/:/mnt/misc/sw/x86_64/all/gnu/gcc/9.3.0/lib/gcc/x86_64-linux-gnu/9.3.0/../../../../lib64/:/lib/x86_64-linux-gnu/:/lib/../lib64/:/usr/lib/x86_64-linux-gnu/:/usr/lib/../lib64/:/mnt/misc/sw/x86_64/all/gnu/gcc/9.3.0/lib/gcc/x86_64-linux-gnu/9.3.0/../../../:/lib/:/usr/lib/]
  ignore line: [COLLECT_GCC_OPTIONS='-v' '-o' 'cmTC_d9f2a' '-shared-libgcc' '-mtune=generic' '-march=x86-64']
  link line: [ /mnt/misc/sw/x86_64/all/gnu/gcc/9.3.0/lib/gcc/x86_64-linux-gnu/9.3.0/collect2 -plugin /mnt/misc/sw/x86_64/all/gnu/gcc/9.3.0/lib/gcc/x86_64-linux-gnu/9.3.0/liblto_plugin.so -plugin-opt=/mnt/misc/sw/x86_64/all/gnu/gcc/9.3.0/lib/gcc/x86_64-linux-gnu/9.3.0/lto-wrapper -plugin-opt=-fresolution=/tmp/ccd6KLDY.res -plugin-opt=-pass-through=-lgcc_s -plugin-opt=-pass-through=-lgcc -plugin-opt=-pass-through=-lc -plugin-opt=-pass-through=-lgcc_s -plugin-opt=-pass-through=-lgcc --sysroot=/ --build-id --eh-frame-hdr -m elf_x86_64 -dynamic-linker /lib64/ld-linux-x86-64.so.2 -o cmTC_d9f2a /lib/x86_64-linux-gnu/crt1.o /lib/x86_64-linux-gnu/crti.o /mnt/misc/sw/x86_64/all/gnu/gcc/9.3.0/lib/gcc/x86_64-linux-gnu/9.3.0/crtbegin.o -L/mnt/misc/sw/x86_64/all/gnu/gcc/9.3.0/lib/gcc/x86_64-linux-gnu/9.3.0 -L/mnt/misc/sw/x86_64/all/gnu/gcc/9.3.0/lib/gcc/x86_64-linux-gnu/9.3.0/../../../../lib64 -L/lib/x86_64-linux-gnu -L/lib/../lib64 -L/usr/lib/x86_64-linux-gnu -L/usr/lib/../lib64 -L/mnt/misc/sw/x86_64/all/gnu/gcc/9.3.0/lib/gcc/x86_64-linux-gnu/9.3.0/../../.. CMakeFiles/cmTC_d9f2a.dir/CMakeCXXCompilerABI.cpp.o -lstdc++ -lm -lgcc_s -lgcc -lc -lgcc_s -lgcc /mnt/misc/sw/x86_64/all/gnu/gcc/9.3.0/lib/gcc/x86_64-linux-gnu/9.3.0/crtend.o /lib/x86_64-linux-gnu/crtn.o]
    arg [/mnt/misc/sw/x86_64/all/gnu/gcc/9.3.0/lib/gcc/x86_64-linux-gnu/9.3.0/collect2] ==> ignore
    arg [-plugin] ==> ignore
    arg [/mnt/misc/sw/x86_64/all/gnu/gcc/9.3.0/lib/gcc/x86_64-linux-gnu/9.3.0/liblto_plugin.so] ==> ignore
    arg [-plugin-opt=/mnt/misc/sw/x86_64/all/gnu/gcc/9.3.0/lib/gcc/x86_64-linux-gnu/9.3.0/lto-wrapper] ==> ignore
    arg [-plugin-opt=-fresolution=/tmp/ccd6KLDY.res] ==> ignore
    arg [-plugin-opt=-pass-through=-lgcc_s] ==> ignore
    arg [-plugin-opt=-pass-through=-lgcc] ==> ignore
    arg [-plugin-opt=-pass-through=-lc] ==> ignore
    arg [-plugin-opt=-pass-through=-lgcc_s] ==> ignore
    arg [-plugin-opt=-pass-through=-lgcc] ==> ignore
    arg [--sysroot=/] ==> ignore
    arg [--build-id] ==> ignore
    arg [--eh-frame-hdr] ==> ignore
    arg [-m] ==> ignore
    arg [elf_x86_64] ==> ignore
    arg [-dynamic-linker] ==> ignore
    arg [/lib64/ld-linux-x86-64.so.2] ==> ignore
    arg [-o] ==> ignore
    arg [cmTC_d9f2a] ==> ignore
    arg [/lib/x86_64-linux-gnu/crt1.o] ==> ignore
    arg [/lib/x86_64-linux-gnu/crti.o] ==> ignore
    arg [/mnt/misc/sw/x86_64/all/gnu/gcc/9.3.0/lib/gcc/x86_64-linux-gnu/9.3.0/crtbegin.o] ==> ignore
    arg [-L/mnt/misc/sw/x86_64/all/gnu/gcc/9.3.0/lib/gcc/x86_64-linux-gnu/9.3.0] ==> dir [/mnt/misc/sw/x86_64/all/gnu/gcc/9.3.0/lib/gcc/x86_64-linux-gnu/9.3.0]
    arg [-L/mnt/misc/sw/x86_64/all/gnu/gcc/9.3.0/lib/gcc/x86_64-linux-gnu/9.3.0/../../../../lib64] ==> dir [/mnt/misc/sw/x86_64/all/gnu/gcc/9.3.0/lib/gcc/x86_64-linux-gnu/9.3.0/../../../../lib64]
    arg [-L/lib/x86_64-linux-gnu] ==> dir [/lib/x86_64-linux-gnu]
    arg [-L/lib/../lib64] ==> dir [/lib/../lib64]
    arg [-L/usr/lib/x86_64-linux-gnu] ==> dir [/usr/lib/x86_64-linux-gnu]
    arg [-L/usr/lib/../lib64] ==> dir [/usr/lib/../lib64]
    arg [-L/mnt/misc/sw/x86_64/all/gnu/gcc/9.3.0/lib/gcc/x86_64-linux-gnu/9.3.0/../../..] ==> dir [/mnt/misc/sw/x86_64/all/gnu/gcc/9.3.0/lib/gcc/x86_64-linux-gnu/9.3.0/../../..]
    arg [CMakeFiles/cmTC_d9f2a.dir/CMakeCXXCompilerABI.cpp.o] ==> ignore
    arg [-lstdc++] ==> lib [stdc++]
    arg [-lm] ==> lib [m]
    arg [-lgcc_s] ==> lib [gcc_s]
    arg [-lgcc] ==> lib [gcc]
    arg [-lc] ==> lib [c]
    arg [-lgcc_s] ==> lib [gcc_s]
    arg [-lgcc] ==> lib [gcc]
    arg [/mnt/misc/sw/x86_64/all/gnu/gcc/9.3.0/lib/gcc/x86_64-linux-gnu/9.3.0/crtend.o] ==> ignore
    arg [/lib/x86_64-linux-gnu/crtn.o] ==> ignore
  collapse library dir [/mnt/misc/sw/x86_64/all/gnu/gcc/9.3.0/lib/gcc/x86_64-linux-gnu/9.3.0] ==> [/mnt/misc/sw/x86_64/all/gnu/gcc/9.3.0/lib/gcc/x86_64-linux-gnu/9.3.0]
  collapse library dir [/mnt/misc/sw/x86_64/all/gnu/gcc/9.3.0/lib/gcc/x86_64-linux-gnu/9.3.0/../../../../lib64] ==> [/mnt/misc/sw/x86_64/all/gnu/gcc/9.3.0/lib64]
  collapse library dir [/lib/x86_64-linux-gnu] ==> [/lib/x86_64-linux-gnu]
  collapse library dir [/lib/../lib64] ==> [/lib64]
  collapse library dir [/usr/lib/x86_64-linux-gnu] ==> [/usr/lib/x86_64-linux-gnu]
  collapse library dir [/usr/lib/../lib64] ==> [/usr/lib64]
  collapse library dir [/mnt/misc/sw/x86_64/all/gnu/gcc/9.3.0/lib/gcc/x86_64-linux-gnu/9.3.0/../../..] ==> [/mnt/misc/sw/x86_64/all/gnu/gcc/9.3.0/lib]
  implicit libs: [stdc++;m;gcc_s;gcc;c;gcc_s;gcc]
  implicit dirs: [/mnt/misc/sw/x86_64/all/gnu/gcc/9.3.0/lib/gcc/x86_64-linux-gnu/9.3.0;/mnt/misc/sw/x86_64/all/gnu/gcc/9.3.0/lib64;/lib/x86_64-linux-gnu;/lib64;/usr/lib/x86_64-linux-gnu;/usr/lib64;/mnt/misc/sw/x86_64/all/gnu/gcc/9.3.0/lib]
  implicit fwks: []




Detecting CXX [-std=c++2a] compiler features compiled with the following output:
Change Dir: /user/mendezn/research/geant/B1/build/CMakeFiles/CMakeTmp

Run Build Command:"/usr/bin/make" "cmTC_e9604/fast"
/usr/bin/make -f CMakeFiles/cmTC_e9604.dir/build.make CMakeFiles/cmTC_e9604.dir/build
make[1]: Entering directory '/user/mendezn/research/geant/B1/build/CMakeFiles/CMakeTmp'
Building CXX object CMakeFiles/cmTC_e9604.dir/feature_tests.cxx.o
/mnt/misc/sw/x86_64/all/gnu/gcc/9.3.0/bin/g++-9.3    -std=c++2a -o CMakeFiles/cmTC_e9604.dir/feature_tests.cxx.o -c /user/mendezn/research/geant/B1/build/CMakeFiles/feature_tests.cxx
Linking CXX executable cmTC_e9604
/usr/bin/cmake -E cmake_link_script CMakeFiles/cmTC_e9604.dir/link.txt --verbose=1
/mnt/misc/sw/x86_64/all/gnu/gcc/9.3.0/bin/g++-9.3       CMakeFiles/cmTC_e9604.dir/feature_tests.cxx.o  -o cmTC_e9604 
make[1]: Leaving directory '/user/mendezn/research/geant/B1/build/CMakeFiles/CMakeTmp'


    Feature record: CXX_FEATURE:1cxx_aggregate_default_initializers
    Feature record: CXX_FEATURE:1cxx_alias_templates
    Feature record: CXX_FEATURE:1cxx_alignas
    Feature record: CXX_FEATURE:1cxx_alignof
    Feature record: CXX_FEATURE:1cxx_attributes
    Feature record: CXX_FEATURE:1cxx_attribute_deprecated
    Feature record: CXX_FEATURE:1cxx_auto_type
    Feature record: CXX_FEATURE:1cxx_binary_literals
    Feature record: CXX_FEATURE:1cxx_constexpr
    Feature record: CXX_FEATURE:1cxx_contextual_conversions
    Feature record: CXX_FEATURE:1cxx_decltype
    Feature record: CXX_FEATURE:1cxx_decltype_auto
    Feature record: CXX_FEATURE:1cxx_decltype_incomplete_return_types
    Feature record: CXX_FEATURE:1cxx_default_function_template_args
    Feature record: CXX_FEATURE:1cxx_defaulted_functions
    Feature record: CXX_FEATURE:1cxx_defaulted_move_initializers
    Feature record: CXX_FEATURE:1cxx_delegating_constructors
    Feature record: CXX_FEATURE:1cxx_deleted_functions
    Feature record: CXX_FEATURE:1cxx_digit_separators
    Feature record: CXX_FEATURE:1cxx_enum_forward_declarations
    Feature record: CXX_FEATURE:1cxx_explicit_conversions
    Feature record: CXX_FEATURE:1cxx_extended_friend_declarations
    Feature record: CXX_FEATURE:1cxx_extern_templates
    Feature record: CXX_FEATURE:1cxx_final
    Feature record: CXX_FEATURE:1cxx_func_identifier
    Feature record: CXX_FEATURE:1cxx_generalized_initializers
    Feature record: CXX_FEATURE:1cxx_generic_lambdas
    Feature record: CXX_FEATURE:1cxx_inheriting_constructors
    Feature record: CXX_FEATURE:1cxx_inline_namespaces
    Feature record: CXX_FEATURE:1cxx_lambdas
    Feature record: CXX_FEATURE:1cxx_lambda_init_captures
    Feature record: CXX_FEATURE:1cxx_local_type_template_args
    Feature record: CXX_FEATURE:1cxx_long_long_type
    Feature record: CXX_FEATURE:1cxx_noexcept
    Feature record: CXX_FEATURE:1cxx_nonstatic_member_init
    Feature record: CXX_FEATURE:1cxx_nullptr
    Feature record: CXX_FEATURE:1cxx_override
    Feature record: CXX_FEATURE:1cxx_range_for
    Feature record: CXX_FEATURE:1cxx_raw_string_literals
    Feature record: CXX_FEATURE:1cxx_reference_qualified_functions
    Feature record: CXX_FEATURE:1cxx_relaxed_constexpr
    Feature record: CXX_FEATURE:1cxx_return_type_deduction
    Feature record: CXX_FEATURE:1cxx_right_angle_brackets
    Feature record: CXX_FEATURE:1cxx_rvalue_references
    Feature record: CXX_FEATURE:1cxx_sizeof_member
    Feature record: CXX_FEATURE:1cxx_static_assert
    Feature record: CXX_FEATURE:1cxx_strong_enums
    Feature record: CXX_FEATURE:1cxx_template_template_parameters
    Feature record: CXX_FEATURE:1cxx_thread_local
    Feature record: CXX_FEATURE:1cxx_trailing_return_types
    Feature record: CXX_FEATURE:1cxx_unicode_literals
    Feature record: CXX_FEATURE:1cxx_uniform_initialization
    Feature record: CXX_FEATURE:1cxx_unrestricted_unions
    Feature record: CXX_FEATURE:1cxx_user_literals
    Feature record: CXX_FEATURE:1cxx_variable_templates
    Feature record: CXX_FEATURE:1cxx_variadic_macros
    Feature record: CXX_FEATURE:1cxx_variadic_templates


Detecting CXX [-std=c++17] compiler features compiled with the following output:
Change Dir: /user/mendezn/research/geant/B1/build/CMakeFiles/CMakeTmp

Run Build Command:"/usr/bin/make" "cmTC_eba97/fast"
/usr/bin/make -f CMakeFiles/cmTC_eba97.dir/build.make CMakeFiles/cmTC_eba97.dir/build
make[1]: Entering directory '/user/mendezn/research/geant/B1/build/CMakeFiles/CMakeTmp'
Building CXX object CMakeFiles/cmTC_eba97.dir/feature_tests.cxx.o
/mnt/misc/sw/x86_64/all/gnu/gcc/9.3.0/bin/g++-9.3    -std=c++17 -o CMakeFiles/cmTC_eba97.dir/feature_tests.cxx.o -c /user/mendezn/research/geant/B1/build/CMakeFiles/feature_tests.cxx
Linking CXX executable cmTC_eba97
/usr/bin/cmake -E cmake_link_script CMakeFiles/cmTC_eba97.dir/link.txt --verbose=1
/mnt/misc/sw/x86_64/all/gnu/gcc/9.3.0/bin/g++-9.3       CMakeFiles/cmTC_eba97.dir/feature_tests.cxx.o  -o cmTC_eba97 
make[1]: Leaving directory '/user/mendezn/research/geant/B1/build/CMakeFiles/CMakeTmp'


    Feature record: CXX_FEATURE:1cxx_aggregate_default_initializers
    Feature record: CXX_FEATURE:1cxx_alias_templates
    Feature record: CXX_FEATURE:1cxx_alignas
    Feature record: CXX_FEATURE:1cxx_alignof
    Feature record: CXX_FEATURE:1cxx_attributes
    Feature record: CXX_FEATURE:1cxx_attribute_deprecated
    Feature record: CXX_FEATURE:1cxx_auto_type
    Feature record: CXX_FEATURE:1cxx_binary_literals
    Feature record: CXX_FEATURE:1cxx_constexpr
    Feature record: CXX_FEATURE:1cxx_contextual_conversions
    Feature record: CXX_FEATURE:1cxx_decltype
    Feature record: CXX_FEATURE:1cxx_decltype_auto
    Feature record: CXX_FEATURE:1cxx_decltype_incomplete_return_types
    Feature record: CXX_FEATURE:1cxx_default_function_template_args
    Feature record: CXX_FEATURE:1cxx_defaulted_functions
    Feature record: CXX_FEATURE:1cxx_defaulted_move_initializers
    Feature record: CXX_FEATURE:1cxx_delegating_constructors
    Feature record: CXX_FEATURE:1cxx_deleted_functions
    Feature record: CXX_FEATURE:1cxx_digit_separators
    Feature record: CXX_FEATURE:1cxx_enum_forward_declarations
    Feature record: CXX_FEATURE:1cxx_explicit_conversions
    Feature record: CXX_FEATURE:1cxx_extended_friend_declarations
    Feature record: CXX_FEATURE:1cxx_extern_templates
    Feature record: CXX_FEATURE:1cxx_final
    Feature record: CXX_FEATURE:1cxx_func_identifier
    Feature record: CXX_FEATURE:1cxx_generalized_initializers
    Feature record: CXX_FEATURE:1cxx_generic_lambdas
    Feature record: CXX_FEATURE:1cxx_inheriting_constructors
    Feature record: CXX_FEATURE:1cxx_inline_namespaces
    Feature record: CXX_FEATURE:1cxx_lambdas
    Feature record: CXX_FEATURE:1cxx_lambda_init_captures
    Feature record: CXX_FEATURE:1cxx_local_type_template_args
    Feature record: CXX_FEATURE:1cxx_long_long_type
    Feature record: CXX_FEATURE:1cxx_noexcept
    Feature record: CXX_FEATURE:1cxx_nonstatic_member_init
    Feature record: CXX_FEATURE:1cxx_nullptr
    Feature record: CXX_FEATURE:1cxx_override
    Feature record: CXX_FEATURE:1cxx_range_for
    Feature record: CXX_FEATURE:1cxx_raw_string_literals
    Feature record: CXX_FEATURE:1cxx_reference_qualified_functions
    Feature record: CXX_FEATURE:1cxx_relaxed_constexpr
    Feature record: CXX_FEATURE:1cxx_return_type_deduction
    Feature record: CXX_FEATURE:1cxx_right_angle_brackets
    Feature record: CXX_FEATURE:1cxx_rvalue_references
    Feature record: CXX_FEATURE:1cxx_sizeof_member
    Feature record: CXX_FEATURE:1cxx_static_assert
    Feature record: CXX_FEATURE:1cxx_strong_enums
    Feature record: CXX_FEATURE:1cxx_template_template_parameters
    Feature record: CXX_FEATURE:1cxx_thread_local
    Feature record: CXX_FEATURE:1cxx_trailing_return_types
    Feature record: CXX_FEATURE:1cxx_unicode_literals
    Feature record: CXX_FEATURE:1cxx_uniform_initialization
    Feature record: CXX_FEATURE:1cxx_unrestricted_unions
    Feature record: CXX_FEATURE:1cxx_user_literals
    Feature record: CXX_FEATURE:1cxx_variable_templates
    Feature record: CXX_FEATURE:1cxx_variadic_macros
    Feature record: CXX_FEATURE:1cxx_variadic_templates


Detecting CXX [-std=c++14] compiler features compiled with the following output:
Change Dir: /user/mendezn/research/geant/B1/build/CMakeFiles/CMakeTmp

Run Build Command:"/usr/bin/make" "cmTC_8fb26/fast"
/usr/bin/make -f CMakeFiles/cmTC_8fb26.dir/build.make CMakeFiles/cmTC_8fb26.dir/build
make[1]: Entering directory '/user/mendezn/research/geant/B1/build/CMakeFiles/CMakeTmp'
Building CXX object CMakeFiles/cmTC_8fb26.dir/feature_tests.cxx.o
/mnt/misc/sw/x86_64/all/gnu/gcc/9.3.0/bin/g++-9.3    -std=c++14 -o CMakeFiles/cmTC_8fb26.dir/feature_tests.cxx.o -c /user/mendezn/research/geant/B1/build/CMakeFiles/feature_tests.cxx
Linking CXX executable cmTC_8fb26
/usr/bin/cmake -E cmake_link_script CMakeFiles/cmTC_8fb26.dir/link.txt --verbose=1
/mnt/misc/sw/x86_64/all/gnu/gcc/9.3.0/bin/g++-9.3       CMakeFiles/cmTC_8fb26.dir/feature_tests.cxx.o  -o cmTC_8fb26 
make[1]: Leaving directory '/user/mendezn/research/geant/B1/build/CMakeFiles/CMakeTmp'


    Feature record: CXX_FEATURE:1cxx_aggregate_default_initializers
    Feature record: CXX_FEATURE:1cxx_alias_templates
    Feature record: CXX_FEATURE:1cxx_alignas
    Feature record: CXX_FEATURE:1cxx_alignof
    Feature record: CXX_FEATURE:1cxx_attributes
    Feature record: CXX_FEATURE:1cxx_attribute_deprecated
    Feature record: CXX_FEATURE:1cxx_auto_type
    Feature record: CXX_FEATURE:1cxx_binary_literals
    Feature record: CXX_FEATURE:1cxx_constexpr
    Feature record: CXX_FEATURE:1cxx_contextual_conversions
    Feature record: CXX_FEATURE:1cxx_decltype
    Feature record: CXX_FEATURE:1cxx_decltype_auto
    Feature record: CXX_FEATURE:1cxx_decltype_incomplete_return_types
    Feature record: CXX_FEATURE:1cxx_default_function_template_args
    Feature record: CXX_FEATURE:1cxx_defaulted_functions
    Feature record: CXX_FEATURE:1cxx_defaulted_move_initializers
    Feature record: CXX_FEATURE:1cxx_delegating_constructors
    Feature record: CXX_FEATURE:1cxx_deleted_functions
    Feature record: CXX_FEATURE:1cxx_digit_separators
    Feature record: CXX_FEATURE:1cxx_enum_forward_declarations
    Feature record: CXX_FEATURE:1cxx_explicit_conversions
    Feature record: CXX_FEATURE:1cxx_extended_friend_declarations
    Feature record: CXX_FEATURE:1cxx_extern_templates
    Feature record: CXX_FEATURE:1cxx_final
    Feature record: CXX_FEATURE:1cxx_func_identifier
    Feature record: CXX_FEATURE:1cxx_generalized_initializers
    Feature record: CXX_FEATURE:1cxx_generic_lambdas
    Feature record: CXX_FEATURE:1cxx_inheriting_constructors
    Feature record: CXX_FEATURE:1cxx_inline_namespaces
    Feature record: CXX_FEATURE:1cxx_lambdas
    Feature record: CXX_FEATURE:1cxx_lambda_init_captures
    Feature record: CXX_FEATURE:1cxx_local_type_template_args
    Feature record: CXX_FEATURE:1cxx_long_long_type
    Feature record: CXX_FEATURE:1cxx_noexcept
    Feature record: CXX_FEATURE:1cxx_nonstatic_member_init
    Feature record: CXX_FEATURE:1cxx_nullptr
    Feature record: CXX_FEATURE:1cxx_override
    Feature record: CXX_FEATURE:1cxx_range_for
    Feature record: CXX_FEATURE:1cxx_raw_string_literals
    Feature record: CXX_FEATURE:1cxx_reference_qualified_functions
    Feature record: CXX_FEATURE:1cxx_relaxed_constexpr
    Feature record: CXX_FEATURE:1cxx_return_type_deduction
    Feature record: CXX_FEATURE:1cxx_right_angle_brackets
    Feature record: CXX_FEATURE:1cxx_rvalue_references
    Feature record: CXX_FEATURE:1cxx_sizeof_member
    Feature record: CXX_FEATURE:1cxx_static_assert
    Feature record: CXX_FEATURE:1cxx_strong_enums
    Feature record: CXX_FEATURE:1cxx_template_template_parameters
    Feature record: CXX_FEATURE:1cxx_thread_local
    Feature record: CXX_FEATURE:1cxx_trailing_return_types
    Feature record: CXX_FEATURE:1cxx_unicode_literals
    Feature record: CXX_FEATURE:1cxx_uniform_initialization
    Feature record: CXX_FEATURE:1cxx_unrestricted_unions
    Feature record: CXX_FEATURE:1cxx_user_literals
    Feature record: CXX_FEATURE:1cxx_variable_templates
    Feature record: CXX_FEATURE:1cxx_variadic_macros
    Feature record: CXX_FEATURE:1cxx_variadic_templates


Detecting CXX [-std=c++11] compiler features compiled with the following output:
Change Dir: /user/mendezn/research/geant/B1/build/CMakeFiles/CMakeTmp

Run Build Command:"/usr/bin/make" "cmTC_61632/fast"
/usr/bin/make -f CMakeFiles/cmTC_61632.dir/build.make CMakeFiles/cmTC_61632.dir/build
make[1]: Entering directory '/user/mendezn/research/geant/B1/build/CMakeFiles/CMakeTmp'
Building CXX object CMakeFiles/cmTC_61632.dir/feature_tests.cxx.o
/mnt/misc/sw/x86_64/all/gnu/gcc/9.3.0/bin/g++-9.3    -std=c++11 -o CMakeFiles/cmTC_61632.dir/feature_tests.cxx.o -c /user/mendezn/research/geant/B1/build/CMakeFiles/feature_tests.cxx
Linking CXX executable cmTC_61632
/usr/bin/cmake -E cmake_link_script CMakeFiles/cmTC_61632.dir/link.txt --verbose=1
/mnt/misc/sw/x86_64/all/gnu/gcc/9.3.0/bin/g++-9.3       CMakeFiles/cmTC_61632.dir/feature_tests.cxx.o  -o cmTC_61632 
make[1]: Leaving directory '/user/mendezn/research/geant/B1/build/CMakeFiles/CMakeTmp'


    Feature record: CXX_FEATURE:0cxx_aggregate_default_initializers
    Feature record: CXX_FEATURE:1cxx_alias_templates
    Feature record: CXX_FEATURE:1cxx_alignas
    Feature record: CXX_FEATURE:1cxx_alignof
    Feature record: CXX_FEATURE:1cxx_attributes
    Feature record: CXX_FEATURE:0cxx_attribute_deprecated
    Feature record: CXX_FEATURE:1cxx_auto_type
    Feature record: CXX_FEATURE:0cxx_binary_literals
    Feature record: CXX_FEATURE:1cxx_constexpr
    Feature record: CXX_FEATURE:0cxx_contextual_conversions
    Feature record: CXX_FEATURE:1cxx_decltype
    Feature record: CXX_FEATURE:0cxx_decltype_auto
    Feature record: CXX_FEATURE:1cxx_decltype_incomplete_return_types
    Feature record: CXX_FEATURE:1cxx_default_function_template_args
    Feature record: CXX_FEATURE:1cxx_defaulted_functions
    Feature record: CXX_FEATURE:1cxx_defaulted_move_initializers
    Feature record: CXX_FEATURE:1cxx_delegating_constructors
    Feature record: CXX_FEATURE:1cxx_deleted_functions
    Feature record: CXX_FEATURE:0cxx_digit_separators
    Feature record: CXX_FEATURE:1cxx_enum_forward_declarations
    Feature record: CXX_FEATURE:1cxx_explicit_conversions
    Feature record: CXX_FEATURE:1cxx_extended_friend_declarations
    Feature record: CXX_FEATURE:1cxx_extern_templates
    Feature record: CXX_FEATURE:1cxx_final
    Feature record: CXX_FEATURE:1cxx_func_identifier
    Feature record: CXX_FEATURE:1cxx_generalized_initializers
    Feature record: CXX_FEATURE:0cxx_generic_lambdas
    Feature record: CXX_FEATURE:1cxx_inheriting_constructors
    Feature record: CXX_FEATURE:1cxx_inline_namespaces
    Feature record: CXX_FEATURE:1cxx_lambdas
    Feature record: CXX_FEATURE:0cxx_lambda_init_captures
    Feature record: CXX_FEATURE:1cxx_local_type_template_args
    Feature record: CXX_FEATURE:1cxx_long_long_type
    Feature record: CXX_FEATURE:1cxx_noexcept
    Feature record: CXX_FEATURE:1cxx_nonstatic_member_init
    Feature record: CXX_FEATURE:1cxx_nullptr
    Feature record: CXX_FEATURE:1cxx_override
    Feature record: CXX_FEATURE:1cxx_range_for
    Feature record: CXX_FEATURE:1cxx_raw_string_literals
    Feature record: CXX_FEATURE:1cxx_reference_qualified_functions
    Feature record: CXX_FEATURE:0cxx_relaxed_constexpr
    Feature record: CXX_FEATURE:0cxx_return_type_deduction
    Feature record: CXX_FEATURE:1cxx_right_angle_brackets
    Feature record: CXX_FEATURE:1cxx_rvalue_references
    Feature record: CXX_FEATURE:1cxx_sizeof_member
    Feature record: CXX_FEATURE:1cxx_static_assert
    Feature record: CXX_FEATURE:1cxx_strong_enums
    Feature record: CXX_FEATURE:1cxx_template_template_parameters
    Feature record: CXX_FEATURE:1cxx_thread_local
    Feature record: CXX_FEATURE:1cxx_trailing_return_types
    Feature record: CXX_FEATURE:1cxx_unicode_literals
    Feature record: CXX_FEATURE:1cxx_uniform_initialization
    Feature record: CXX_FEATURE:1cxx_unrestricted_unions
    Feature record: CXX_FEATURE:1cxx_user_literals
    Feature record: CXX_FEATURE:0cxx_variable_templates
    Feature record: CXX_FEATURE:1cxx_variadic_macros
    Feature record: CXX_FEATURE:1cxx_variadic_templates


Detecting CXX [-std=c++98] compiler features compiled with the following output:
Change Dir: /user/mendezn/research/geant/B1/build/CMakeFiles/CMakeTmp

Run Build Command:"/usr/bin/make" "cmTC_68491/fast"
/usr/bin/make -f CMakeFiles/cmTC_68491.dir/build.make CMakeFiles/cmTC_68491.dir/build
make[1]: Entering directory '/user/mendezn/research/geant/B1/build/CMakeFiles/CMakeTmp'
Building CXX object CMakeFiles/cmTC_68491.dir/feature_tests.cxx.o
/mnt/misc/sw/x86_64/all/gnu/gcc/9.3.0/bin/g++-9.3    -std=c++98 -o CMakeFiles/cmTC_68491.dir/feature_tests.cxx.o -c /user/mendezn/research/geant/B1/build/CMakeFiles/feature_tests.cxx
Linking CXX executable cmTC_68491
/usr/bin/cmake -E cmake_link_script CMakeFiles/cmTC_68491.dir/link.txt --verbose=1
/mnt/misc/sw/x86_64/all/gnu/gcc/9.3.0/bin/g++-9.3       CMakeFiles/cmTC_68491.dir/feature_tests.cxx.o  -o cmTC_68491 
make[1]: Leaving directory '/user/mendezn/research/geant/B1/build/CMakeFiles/CMakeTmp'


    Feature record: CXX_FEATURE:0cxx_aggregate_default_initializers
    Feature record: CXX_FEATURE:0cxx_alias_templates
    Feature record: CXX_FEATURE:0cxx_alignas
    Feature record: CXX_FEATURE:0cxx_alignof
    Feature record: CXX_FEATURE:0cxx_attributes
    Feature record: CXX_FEATURE:0cxx_attribute_deprecated
    Feature record: CXX_FEATURE:0cxx_auto_type
    Feature record: CXX_FEATURE:0cxx_binary_literals
    Feature record: CXX_FEATURE:0cxx_constexpr
    Feature record: CXX_FEATURE:0cxx_contextual_conversions
    Feature record: CXX_FEATURE:0cxx_decltype
    Feature record: CXX_FEATURE:0cxx_decltype_auto
    Feature record: CXX_FEATURE:0cxx_decltype_incomplete_return_types
    Feature record: CXX_FEATURE:0cxx_default_function_template_args
    Feature record: CXX_FEATURE:0cxx_defaulted_functions
    Feature record: CXX_FEATURE:0cxx_defaulted_move_initializers
    Feature record: CXX_FEATURE:0cxx_delegating_constructors
    Feature record: CXX_FEATURE:0cxx_deleted_functions
    Feature record: CXX_FEATURE:0cxx_digit_separators
    Feature record: CXX_FEATURE:0cxx_enum_forward_declarations
    Feature record: CXX_FEATURE:0cxx_explicit_conversions
    Feature record: CXX_FEATURE:0cxx_extended_friend_declarations
    Feature record: CXX_FEATURE:0cxx_extern_templates
    Feature record: CXX_FEATURE:0cxx_final
    Feature record: CXX_FEATURE:0cxx_func_identifier
    Feature record: CXX_FEATURE:0cxx_generalized_initializers
    Feature record: CXX_FEATURE:0cxx_generic_lambdas
    Feature record: CXX_FEATURE:0cxx_inheriting_constructors
    Feature record: CXX_FEATURE:0cxx_inline_namespaces
    Feature record: CXX_FEATURE:0cxx_lambdas
    Feature record: CXX_FEATURE:0cxx_lambda_init_captures
    Feature record: CXX_FEATURE:0cxx_local_type_template_args
    Feature record: CXX_FEATURE:0cxx_long_long_type
    Feature record: CXX_FEATURE:0cxx_noexcept
    Feature record: CXX_FEATURE:0cxx_nonstatic_member_init
    Feature record: CXX_FEATURE:0cxx_nullptr
    Feature record: CXX_FEATURE:0cxx_override
    Feature record: CXX_FEATURE:0cxx_range_for
    Feature record: CXX_FEATURE:0cxx_raw_string_literals
    Feature record: CXX_FEATURE:0cxx_reference_qualified_functions
    Feature record: CXX_FEATURE:0cxx_relaxed_constexpr
    Feature record: CXX_FEATURE:0cxx_return_type_deduction
    Feature record: CXX_FEATURE:0cxx_right_angle_brackets
    Feature record: CXX_FEATURE:0cxx_rvalue_references
    Feature record: CXX_FEATURE:0cxx_sizeof_member
    Feature record: CXX_FEATURE:0cxx_static_assert
    Feature record: CXX_FEATURE:0cxx_strong_enums
    Feature record: CXX_FEATURE:1cxx_template_template_parameters
    Feature record: CXX_FEATURE:0cxx_thread_local
    Feature record: CXX_FEATURE:0cxx_trailing_return_types
    Feature record: CXX_FEATURE:0cxx_unicode_literals
    Feature record: CXX_FEATURE:0cxx_uniform_initialization
    Feature record: CXX_FEATURE:0cxx_unrestricted_unions
    Feature record: CXX_FEATURE:0cxx_user_literals
    Feature record: CXX_FEATURE:0cxx_variable_templates
    Feature record: CXX_FEATURE:0cxx_variadic_macros
    Feature record: CXX_FEATURE:0cxx_variadic_templates
Determining if the include file pthread.h exists passed with the following output:
Change Dir: /user/mendezn/research/geant/B1/build/CMakeFiles/CMakeTmp

Run Build Command:"/usr/bin/make" "cmTC_30e8d/fast"
/usr/bin/make -f CMakeFiles/cmTC_30e8d.dir/build.make CMakeFiles/cmTC_30e8d.dir/build
make[1]: Entering directory '/user/mendezn/research/geant/B1/build/CMakeFiles/CMakeTmp'
Building C object CMakeFiles/cmTC_30e8d.dir/CheckIncludeFile.c.o
/mnt/misc/sw/x86_64/all/gnu/gcc/9.3.0/bin/gcc-9.3    -o CMakeFiles/cmTC_30e8d.dir/CheckIncludeFile.c.o   -c /user/mendezn/research/geant/B1/build/CMakeFiles/CMakeTmp/CheckIncludeFile.c
Linking C executable cmTC_30e8d
/usr/bin/cmake -E cmake_link_script CMakeFiles/cmTC_30e8d.dir/link.txt --verbose=1
/mnt/misc/sw/x86_64/all/gnu/gcc/9.3.0/bin/gcc-9.3      CMakeFiles/cmTC_30e8d.dir/CheckIncludeFile.c.o  -o cmTC_30e8d 
make[1]: Leaving directory '/user/mendezn/research/geant/B1/build/CMakeFiles/CMakeTmp'


Determining if the function XOpenDisplay exists in the /usr/lib/x86_64-linux-gnu/libX11.so;/usr/lib/x86_64-linux-gnu/libXext.so passed with the following output:
Change Dir: /user/mendezn/research/geant/B1/build/CMakeFiles/CMakeTmp

Run Build Command:"/usr/bin/make" "cmTC_98e86/fast"
/usr/bin/make -f CMakeFiles/cmTC_98e86.dir/build.make CMakeFiles/cmTC_98e86.dir/build
make[1]: Entering directory '/user/mendezn/research/geant/B1/build/CMakeFiles/CMakeTmp'
Building C object CMakeFiles/cmTC_98e86.dir/CheckFunctionExists.c.o
/mnt/misc/sw/x86_64/all/gnu/gcc/9.3.0/bin/gcc-9.3   -DCHECK_FUNCTION_EXISTS=XOpenDisplay   -o CMakeFiles/cmTC_98e86.dir/CheckFunctionExists.c.o   -c /usr/share/cmake-3.13/Modules/CheckFunctionExists.c
Linking C executable cmTC_98e86
/usr/bin/cmake -E cmake_link_script CMakeFiles/cmTC_98e86.dir/link.txt --verbose=1
/mnt/misc/sw/x86_64/all/gnu/gcc/9.3.0/bin/gcc-9.3  -DCHECK_FUNCTION_EXISTS=XOpenDisplay    CMakeFiles/cmTC_98e86.dir/CheckFunctionExists.c.o  -o cmTC_98e86 /usr/lib/x86_64-linux-gnu/libX11.so /usr/lib/x86_64-linux-gnu/libXext.so 
make[1]: Leaving directory '/user/mendezn/research/geant/B1/build/CMakeFiles/CMakeTmp'


Determining if the function gethostbyname exists passed with the following output:
Change Dir: /user/mendezn/research/geant/B1/build/CMakeFiles/CMakeTmp

Run Build Command:"/usr/bin/make" "cmTC_370b6/fast"
/usr/bin/make -f CMakeFiles/cmTC_370b6.dir/build.make CMakeFiles/cmTC_370b6.dir/build
make[1]: Entering directory '/user/mendezn/research/geant/B1/build/CMakeFiles/CMakeTmp'
Building C object CMakeFiles/cmTC_370b6.dir/CheckFunctionExists.c.o
/mnt/misc/sw/x86_64/all/gnu/gcc/9.3.0/bin/gcc-9.3   -DCHECK_FUNCTION_EXISTS=gethostbyname   -o CMakeFiles/cmTC_370b6.dir/CheckFunctionExists.c.o   -c /usr/share/cmake-3.13/Modules/CheckFunctionExists.c
Linking C executable cmTC_370b6
/usr/bin/cmake -E cmake_link_script CMakeFiles/cmTC_370b6.dir/link.txt --verbose=1
/mnt/misc/sw/x86_64/all/gnu/gcc/9.3.0/bin/gcc-9.3  -DCHECK_FUNCTION_EXISTS=gethostbyname    CMakeFiles/cmTC_370b6.dir/CheckFunctionExists.c.o  -o cmTC_370b6 
make[1]: Leaving directory '/user/mendezn/research/geant/B1/build/CMakeFiles/CMakeTmp'


Determining if the function connect exists passed with the following output:
Change Dir: /user/mendezn/research/geant/B1/build/CMakeFiles/CMakeTmp

Run Build Command:"/usr/bin/make" "cmTC_285e0/fast"
/usr/bin/make -f CMakeFiles/cmTC_285e0.dir/build.make CMakeFiles/cmTC_285e0.dir/build
make[1]: Entering directory '/user/mendezn/research/geant/B1/build/CMakeFiles/CMakeTmp'
Building C object CMakeFiles/cmTC_285e0.dir/CheckFunctionExists.c.o
/mnt/misc/sw/x86_64/all/gnu/gcc/9.3.0/bin/gcc-9.3   -DCHECK_FUNCTION_EXISTS=connect   -o CMakeFiles/cmTC_285e0.dir/CheckFunctionExists.c.o   -c /usr/share/cmake-3.13/Modules/CheckFunctionExists.c
Linking C executable cmTC_285e0
/usr/bin/cmake -E cmake_link_script CMakeFiles/cmTC_285e0.dir/link.txt --verbose=1
/mnt/misc/sw/x86_64/all/gnu/gcc/9.3.0/bin/gcc-9.3  -DCHECK_FUNCTION_EXISTS=connect    CMakeFiles/cmTC_285e0.dir/CheckFunctionExists.c.o  -o cmTC_285e0 
make[1]: Leaving directory '/user/mendezn/research/geant/B1/build/CMakeFiles/CMakeTmp'


Determining if the function remove exists passed with the following output:
Change Dir: /user/mendezn/research/geant/B1/build/CMakeFiles/CMakeTmp

Run Build Command:"/usr/bin/make" "cmTC_46064/fast"
/usr/bin/make -f CMakeFiles/cmTC_46064.dir/build.make CMakeFiles/cmTC_46064.dir/build
make[1]: Entering directory '/user/mendezn/research/geant/B1/build/CMakeFiles/CMakeTmp'
Building C object CMakeFiles/cmTC_46064.dir/CheckFunctionExists.c.o
/mnt/misc/sw/x86_64/all/gnu/gcc/9.3.0/bin/gcc-9.3   -DCHECK_FUNCTION_EXISTS=remove   -o CMakeFiles/cmTC_46064.dir/CheckFunctionExists.c.o   -c /usr/share/cmake-3.13/Modules/CheckFunctionExists.c
Linking C executable cmTC_46064
/usr/bin/cmake -E cmake_link_script CMakeFiles/cmTC_46064.dir/link.txt --verbose=1
/mnt/misc/sw/x86_64/all/gnu/gcc/9.3.0/bin/gcc-9.3  -DCHECK_FUNCTION_EXISTS=remove    CMakeFiles/cmTC_46064.dir/CheckFunctionExists.c.o  -o cmTC_46064 
make[1]: Leaving directory '/user/mendezn/research/geant/B1/build/CMakeFiles/CMakeTmp'


Determining if the function shmat exists passed with the following output:
Change Dir: /user/mendezn/research/geant/B1/build/CMakeFiles/CMakeTmp

Run Build Command:"/usr/bin/make" "cmTC_f5014/fast"
/usr/bin/make -f CMakeFiles/cmTC_f5014.dir/build.make CMakeFiles/cmTC_f5014.dir/build
make[1]: Entering directory '/user/mendezn/research/geant/B1/build/CMakeFiles/CMakeTmp'
Building C object CMakeFiles/cmTC_f5014.dir/CheckFunctionExists.c.o
/mnt/misc/sw/x86_64/all/gnu/gcc/9.3.0/bin/gcc-9.3   -DCHECK_FUNCTION_EXISTS=shmat   -o CMakeFiles/cmTC_f5014.dir/CheckFunctionExists.c.o   -c /usr/share/cmake-3.13/Modules/CheckFunctionExists.c
Linking C executable cmTC_f5014
/usr/bin/cmake -E cmake_link_script CMakeFiles/cmTC_f5014.dir/link.txt --verbose=1
/mnt/misc/sw/x86_64/all/gnu/gcc/9.3.0/bin/gcc-9.3  -DCHECK_FUNCTION_EXISTS=shmat    CMakeFiles/cmTC_f5014.dir/CheckFunctionExists.c.o  -o cmTC_f5014 
make[1]: Leaving directory '/user/mendezn/research/geant/B1/build/CMakeFiles/CMakeTmp'


Determining if the function IceConnectionNumber exists in the ICE passed with the following output:
Change Dir: /user/mendezn/research/geant/B1/build/CMakeFiles/CMakeTmp

Run Build Command:"/usr/bin/make" "cmTC_5cdce/fast"
/usr/bin/make -f CMakeFiles/cmTC_5cdce.dir/build.make CMakeFiles/cmTC_5cdce.dir/build
make[1]: Entering directory '/user/mendezn/research/geant/B1/build/CMakeFiles/CMakeTmp'
Building C object CMakeFiles/cmTC_5cdce.dir/CheckFunctionExists.c.o
/mnt/misc/sw/x86_64/all/gnu/gcc/9.3.0/bin/gcc-9.3   -DCHECK_FUNCTION_EXISTS=IceConnectionNumber   -o CMakeFiles/cmTC_5cdce.dir/CheckFunctionExists.c.o   -c /usr/share/cmake-3.13/Modules/CheckFunctionExists.c
Linking C executable cmTC_5cdce
/usr/bin/cmake -E cmake_link_script CMakeFiles/cmTC_5cdce.dir/link.txt --verbose=1
/mnt/misc/sw/x86_64/all/gnu/gcc/9.3.0/bin/gcc-9.3  -DCHECK_FUNCTION_EXISTS=IceConnectionNumber    CMakeFiles/cmTC_5cdce.dir/CheckFunctionExists.c.o  -o cmTC_5cdce -lICE 
make[1]: Leaving directory '/user/mendezn/research/geant/B1/build/CMakeFiles/CMakeTmp'


